# JRE version: Java(TM) SE Runtime Environment (8.0_181-b13) (build 1.8.0_181-b13)
# Java VM: Java HotSpot(TM) 64-Bit Server VM (25.181-b13 mixed mode linux-amd64 compressed oops)
Heap:
 PSYoungGen      total 214016K, used 32K [0x00000000d6f00000, 0x00000000e4b00000, 0x0000000100000000)
  eden space 202752K, 0% used [0x00000000d6f00000,0x00000000d6f00000,0x00000000e3500000)
  from space 11264K, 0% used [0x00000000e3500000,0x00000000e3508000,0x00000000e4000000)
  to   space 11264K, 0% used [0x00000000e4000000,0x00000000e4000000,0x00000000e4b00000)
 ParOldGen       total 84992K, used 11718K [0x0000000084c00000, 0x0000000089f00000, 0x00000000d6f00000)
  object space 84992K, 13% used [0x0000000084c00000,0x0000000085771aa8,0x0000000089f00000)
 Metaspace       used 19153K, capacity 19381K, committed 19584K, reserved 1067008K
  class space    used 2281K, capacity 2363K, committed 2432K, reserved 1048576K
GC Heap History (10 events):
Event: 144.095 GC heap after
Heap after GC invocations=6 (full 0):
 PSYoungGen      total 73216K, used 5114K [0x00000000d6f00000, 0x00000000dc000000, 0x0000000100000000)
  eden space 63488K, 0% used [0x00000000d6f00000,0x00000000d6f00000,0x00000000dad00000)
  from space 9728K, 52% used [0x00000000db680000,0x00000000dbb7eab0,0x00000000dc000000)
  to   space 9728K, 0% used [0x00000000dad00000,0x00000000dad00000,0x00000000db680000)
 ParOldGen       total 84992K, used 6593K [0x0000000084c00000, 0x0000000089f00000, 0x00000000d6f00000)
  object space 84992K, 7% used [0x0000000084c00000,0x0000000085270798,0x0000000089f00000)
 Metaspace       used 19153K, capacity 19381K, committed 19584K, reserved 1067008K
  class space    used 2281K, capacity 2363K, committed 2432K, reserved 1048576K
}
Event: 144.363 GC heap before
{Heap before GC invocations=7 (full 0):
 PSYoungGen      total 73216K, used 68602K [0x00000000d6f00000, 0x00000000dc000000, 0x0000000100000000)
  eden space 63488K, 100% used [0x00000000d6f00000,0x00000000dad00000,0x00000000dad00000)
  from space 9728K, 52% used [0x00000000db680000,0x00000000dbb7eab0,0x00000000dc000000)
  to   space 9728K, 0% used [0x00000000dad00000,0x00000000dad00000,0x00000000db680000)
 ParOldGen       total 84992K, used 6593K [0x0000000084c00000, 0x0000000089f00000, 0x00000000d6f00000)
  object space 84992K, 7% used [0x0000000084c00000,0x0000000085270798,0x0000000089f00000)
 Metaspace       used 19153K, capacity 19381K, committed 19584K, reserved 1067008K
  class space    used 2281K, capacity 2363K, committed 2432K, reserved 1048576K
Event: 144.377 GC heap after
Heap after GC invocations=7 (full 0):
 PSYoungGen      total 73216K, used 1168K [0x00000000d6f00000, 0x00000000dff00000, 0x0000000100000000)
  eden space 63488K, 0% used [0x00000000d6f00000,0x00000000d6f00000,0x00000000dad00000)
  from space 9728K, 12% used [0x00000000dad00000,0x00000000dae24010,0x00000000db680000)
  to   space 10240K, 0% used [0x00000000df500000,0x00000000df500000,0x00000000dff00000)
 ParOldGen       total 84992K, used 10538K [0x0000000084c00000, 0x0000000089f00000, 0x00000000d6f00000)
  object space 84992K, 12% used [0x0000000084c00000,0x000000008564ab48,0x0000000089f00000)
 Metaspace       used 19153K, capacity 19381K, committed 19584K, reserved 1067008K
  class space    used 2281K, capacity 2363K, committed 2432K, reserved 1048576K
}
Event: 144.810 GC heap before
{Heap before GC invocations=8 (full 0):
 PSYoungGen      total 73216K, used 64656K [0x00000000d6f00000, 0x00000000dff00000, 0x0000000100000000)
  eden space 63488K, 100% used [0x00000000d6f00000,0x00000000dad00000,0x00000000dad00000)
  from space 9728K, 12% used [0x00000000dad00000,0x00000000dae24010,0x00000000db680000)
  to   space 10240K, 0% used [0x00000000df500000,0x00000000df500000,0x00000000dff00000)
 ParOldGen       total 84992K, used 10538K [0x0000000084c00000, 0x0000000089f00000, 0x00000000d6f00000)
  object space 84992K, 12% used [0x0000000084c00000,0x000000008564ab48,0x0000000089f00000)
 Metaspace       used 19153K, capacity 19381K, committed 19584K, reserved 1067008K
  class space    used 2281K, capacity 2363K, committed 2432K, reserved 1048576K
Event: 144.813 GC heap after
Heap after GC invocations=8 (full 0):
 PSYoungGen      total 136704K, used 32K [0x00000000d6f00000, 0x00000000e0000000, 0x0000000100000000)
  eden space 126464K, 0% used [0x00000000d6f00000,0x00000000d6f00000,0x00000000dea80000)
  from space 10240K, 0% used [0x00000000df500000,0x00000000df508000,0x00000000dff00000)
  to   space 10752K, 0% used [0x00000000dea80000,0x00000000dea80000,0x00000000df500000)
 ParOldGen       total 84992K, used 11718K [0x0000000084c00000, 0x0000000089f00000, 0x00000000d6f00000)
  object space 84992K, 13% used [0x0000000084c00000,0x0000000085771aa8,0x0000000089f00000)
 Metaspace       used 19153K, capacity 19381K, committed 19584K, reserved 1067008K
  class space    used 2281K, capacity 2363K, committed 2432K, reserved 1048576K
}
Event: 145.764 GC heap before
{Heap before GC invocations=9 (full 0):
 PSYoungGen      total 136704K, used 126496K [0x00000000d6f00000, 0x00000000e0000000, 0x0000000100000000)
  eden space 126464K, 100% used [0x00000000d6f00000,0x00000000dea80000,0x00000000dea80000)
  from space 10240K, 0% used [0x00000000df500000,0x00000000df508000,0x00000000dff00000)
  to   space 10752K, 0% used [0x00000000dea80000,0x00000000dea80000,0x00000000df500000)
 ParOldGen       total 84992K, used 11718K [0x0000000084c00000, 0x0000000089f00000, 0x00000000d6f00000)
  object space 84992K, 13% used [0x0000000084c00000,0x0000000085771aa8,0x0000000089f00000)
 Metaspace       used 19153K, capacity 19381K, committed 19584K, reserved 1067008K
  class space    used 2281K, capacity 2363K, committed 2432K, reserved 1048576K
Event: 145.766 GC heap after
Heap after GC invocations=9 (full 0):
 PSYoungGen      total 137216K, used 32K [0x00000000d6f00000, 0x00000000e4b00000, 0x0000000100000000)
  eden space 126464K, 0% used [0x00000000d6f00000,0x00000000d6f00000,0x00000000dea80000)
  from space 10752K, 0% used [0x00000000dea80000,0x00000000dea88000,0x00000000df500000)
  to   space 11264K, 0% used [0x00000000e4000000,0x00000000e4000000,0x00000000e4b00000)
 ParOldGen       total 84992K, used 11718K [0x0000000084c00000, 0x0000000089f00000, 0x00000000d6f00000)
  object space 84992K, 13% used [0x0000000084c00000,0x0000000085771aa8,0x0000000089f00000)
 Metaspace       used 19153K, capacity 19381K, committed 19584K, reserved 1067008K
  class space    used 2281K, capacity 2363K, committed 2432K, reserved 1048576K
}
Event: 146.737 GC heap before
{Heap before GC invocations=10 (full 0):
 PSYoungGen      total 137216K, used 126496K [0x00000000d6f00000, 0x00000000e4b00000, 0x0000000100000000)
  eden space 126464K, 100% used [0x00000000d6f00000,0x00000000dea80000,0x00000000dea80000)
  from space 10752K, 0% used [0x00000000dea80000,0x00000000dea88000,0x00000000df500000)
  to   space 11264K, 0% used [0x00000000e4000000,0x00000000e4000000,0x00000000e4b00000)
 ParOldGen       total 84992K, used 11718K [0x0000000084c00000, 0x0000000089f00000, 0x00000000d6f00000)
  object space 84992K, 13% used [0x0000000084c00000,0x0000000085771aa8,0x0000000089f00000)
 Metaspace       used 19153K, capacity 19381K, committed 19584K, reserved 1067008K
  class space    used 2281K, capacity 2363K, committed 2432K, reserved 1048576K
Event: 146.738 GC heap after
Heap after GC invocations=10 (full 0):
 PSYoungGen      total 214016K, used 32K [0x00000000d6f00000, 0x00000000e4b00000, 0x0000000100000000)
  eden space 202752K, 0% used [0x00000000d6f00000,0x00000000d6f00000,0x00000000e3500000)
  from space 11264K, 0% used [0x00000000e4000000,0x00000000e4008000,0x00000000e4b00000)
  to   space 11264K, 0% used [0x00000000e3500000,0x00000000e3500000,0x00000000e4000000)
 ParOldGen       total 84992K, used 11718K [0x0000000084c00000, 0x0000000089f00000, 0x00000000d6f00000)
  object space 84992K, 13% used [0x0000000084c00000,0x0000000085771aa8,0x0000000089f00000)
 Metaspace       used 19153K, capacity 19381K, committed 19584K, reserved 1067008K
  class space    used 2281K, capacity 2363K, committed 2432K, reserved 1048576K
}
Event: 152.170 GC heap before
{Heap before GC invocations=11 (full 0):
 PSYoungGen      total 214016K, used 202784K [0x00000000d6f00000, 0x00000000e4b00000, 0x0000000100000000)
  eden space 202752K, 100% used [0x00000000d6f00000,0x00000000e3500000,0x00000000e3500000)
  from space 11264K, 0% used [0x00000000e4000000,0x00000000e4008000,0x00000000e4b00000)
  to   space 11264K, 0% used [0x00000000e3500000,0x00000000e3500000,0x00000000e4000000)
 ParOldGen       total 84992K, used 11718K [0x0000000084c00000, 0x0000000089f00000, 0x00000000d6f00000)
  object space 84992K, 13% used [0x0000000084c00000,0x0000000085771aa8,0x0000000089f00000)
 Metaspace       used 19153K, capacity 19381K, committed 19584K, reserved 1067008K
  class space    used 2281K, capacity 2363K, committed 2432K, reserved 1048576K

